org.vaadin.spring:tutorial:jar:1.0.1-SNAPSHOT
+- com.vaadin:vaadin-spring-boot-starter:jar:23.3.6:compile
|  +- com.vaadin:vaadin-spring:jar:23.3.4:compile (version managed from 23.3.4)
|  |  +- (com.vaadin:flow-server:jar:23.3.4:compile - version managed from 23.3.4; omitted for duplicate)
|  |  +- (com.vaadin:flow-push:jar:23.3.4:compile - version managed from 23.3.4; omitted for duplicate)
|  |  +- (com.vaadin:flow-client:jar:23.3.4:compile - version managed from 23.3.4; omitted for duplicate)
|  |  +- (com.vaadin:vaadin-dev-server:jar:23.3.4:provided - version managed from 23.3.4; omitted for duplicate)
|  |  +- (javax.servlet:javax.servlet-api:jar:4.0.1:provided - version managed from 3.1.0; omitted for duplicate)
|  |  +- (org.springframework.boot:spring-boot-starter-web:jar:2.7.8:provided - version managed from 2.7.8; omitted for duplicate)
|  |  +- org.springframework:spring-webmvc:jar:5.3.25:compile (version managed from 5.3.25)
|  |  |  +- org.springframework:spring-aop:jar:5.3.25:compile (version managed from 5.3.25)
|  |  |  |  +- (org.springframework:spring-beans:jar:5.3.25:compile - version managed from 5.3.25; omitted for duplicate)
|  |  |  |  \- (org.springframework:spring-core:jar:5.3.25:compile - version managed from 5.3.25; omitted for duplicate)
|  |  |  +- org.springframework:spring-beans:jar:5.3.25:compile (version managed from 5.3.25)
|  |  |  |  \- (org.springframework:spring-core:jar:5.3.25:compile - version managed from 5.3.25; omitted for duplicate)
|  |  |  +- org.springframework:spring-context:jar:5.3.25:compile (version managed from 5.3.25)
|  |  |  |  +- (org.springframework:spring-aop:jar:5.3.25:compile - version managed from 5.3.25; omitted for duplicate)
|  |  |  |  +- (org.springframework:spring-beans:jar:5.3.25:compile - version managed from 5.3.25; omitted for duplicate)
|  |  |  |  +- (org.springframework:spring-core:jar:5.3.25:compile - version managed from 5.3.25; omitted for duplicate)
|  |  |  |  \- (org.springframework:spring-expression:jar:5.3.25:compile - version managed from 5.3.25; omitted for duplicate)
|  |  |  +- (org.springframework:spring-core:jar:5.3.25:compile - version managed from 5.3.25; omitted for duplicate)
|  |  |  +- org.springframework:spring-expression:jar:5.3.25:compile (version managed from 5.3.25)
|  |  |  |  \- (org.springframework:spring-core:jar:5.3.25:compile - version managed from 5.3.25; omitted for duplicate)
|  |  |  \- (org.springframework:spring-web:jar:5.3.25:compile - version managed from 5.3.25; omitted for duplicate)
|  |  +- org.springframework:spring-websocket:jar:5.3.25:compile (version managed from 5.3.25)
|  |  |  +- (org.springframework:spring-context:jar:5.3.25:compile - version managed from 5.3.25; omitted for duplicate)
|  |  |  +- (org.springframework:spring-core:jar:5.3.25:compile - version managed from 5.3.25; omitted for duplicate)
|  |  |  \- (org.springframework:spring-web:jar:5.3.25:compile - version managed from 5.3.25; omitted for duplicate)
|  |  \- org.hibernate.validator:hibernate-validator:jar:6.2.5.Final:compile (version managed from 6.2.5.Final)
|  |     +- jakarta.validation:jakarta.validation-api:jar:2.0.2:compile (version managed from 2.0.2)
|  |     +- org.jboss.logging:jboss-logging:jar:3.4.3.Final:compile (version managed from 3.4.1.Final)
|  |     |  +- org.jboss.logmanager:jboss-logmanager:jar:2.1.18.Final:provided
|  |     |  |  \- org.wildfly.common:wildfly-common:jar:1.5.1.Final:provided
|  |     |  |     +- (org.jboss.logging:jboss-logging-annotations:jar:2.2.0.Final:provided - omitted for conflict with 2.2.1.Final)
|  |     |  |     \- (org.jboss.logging:jboss-logging-processor:jar:2.2.0.Final:provided - omitted for conflict with 2.2.1.Final)
|  |     |  +- log4j:log4j:jar:1.2.17:provided
|  |     |  |  \- org.apache.openejb:javaee-api:jar:5.0-2:provided
|  |     |  \- org.apache.logging.log4j:log4j-api:jar:2.17.2:compile (version managed from 2.17.1)
|  |     +- com.fasterxml:classmate:jar:1.5.1:compile (version managed from 1.5.1)
|  |     +- org.glassfish:jakarta.el:jar:3.0.4:provided (version managed from 3.0.3)
|  |     +- org.jboss.logging:jboss-logging-processor:jar:2.2.1.Final:provided
|  |     |  +- (org.jboss.logging:jboss-logging-annotations:jar:2.2.1.Final:provided - omitted for duplicate)
|  |     |  +- (org.jboss.logging:jboss-logging:jar:3.4.3.Final:provided - version managed from 3.4.0.Final; omitted for duplicate)
|  |     |  \- org.jboss.jdeparser:jdeparser:jar:2.0.3.Final:provided
|  |     \- org.jboss.logging:jboss-logging-annotations:jar:2.2.1.Final:provided
|  |        \- (org.jboss.logging:jboss-logging:jar:3.4.3.Final:provided - version managed from 3.4.0.Final; omitted for duplicate)
|  +- (com.vaadin:vaadin-core:jar:23.3.6:compile - version managed from 23.3.6; omitted for duplicate)
|  \- org.springframework.boot:spring-boot-starter-web:jar:2.7.8:compile (version managed from 2.7.7; scope not updated to compile)
|     +- (org.springframework.boot:spring-boot-starter:jar:2.7.8:compile - version managed from 2.7.8; omitted for duplicate)
|     +- org.springframework.boot:spring-boot-starter-json:jar:2.7.8:compile (version managed from 2.7.8)
|     |  +- (org.springframework.boot:spring-boot-starter:jar:2.7.8:compile - version managed from 2.7.8; omitted for duplicate)
|     |  +- (org.springframework:spring-web:jar:5.3.25:compile - version managed from 5.3.25; omitted for duplicate)
|     |  +- (com.fasterxml.jackson.core:jackson-databind:jar:2.13.4.2:compile - version managed from 2.13.4.2; omitted for duplicate)
|     |  +- com.fasterxml.jackson.datatype:jackson-datatype-jdk8:jar:2.13.4:compile (version managed from 2.13.4)
|     |  |  +- (com.fasterxml.jackson.core:jackson-core:jar:2.13.4:compile - version managed from 2.13.4; omitted for duplicate)
|     |  |  \- (com.fasterxml.jackson.core:jackson-databind:jar:2.13.4.2:compile - version managed from 2.13.4; omitted for duplicate)
|     |  +- com.fasterxml.jackson.datatype:jackson-datatype-jsr310:jar:2.13.4:compile (version managed from 2.13.4)
|     |  |  +- (com.fasterxml.jackson.core:jackson-annotations:jar:2.13.4:compile - version managed from 2.13.4; omitted for duplicate)
|     |  |  +- (com.fasterxml.jackson.core:jackson-core:jar:2.13.4:compile - version managed from 2.13.4; omitted for duplicate)
|     |  |  \- (com.fasterxml.jackson.core:jackson-databind:jar:2.13.4.2:compile - version managed from 2.13.4; omitted for duplicate)
|     |  \- com.fasterxml.jackson.module:jackson-module-parameter-names:jar:2.13.4:compile (version managed from 2.13.4)
|     |     +- (com.fasterxml.jackson.core:jackson-core:jar:2.13.4:compile - version managed from 2.13.4; omitted for duplicate)
|     |     \- (com.fasterxml.jackson.core:jackson-databind:jar:2.13.4.2:compile - version managed from 2.13.4; omitted for duplicate)
|     +- org.springframework.boot:spring-boot-starter-tomcat:jar:2.7.8:compile (version managed from 2.7.8)
|     |  +- (jakarta.annotation:jakarta.annotation-api:jar:1.3.5:compile - version managed from 1.3.5; omitted for duplicate)
|     |  +- org.apache.tomcat.embed:tomcat-embed-core:jar:9.0.71:compile (version managed from 9.0.71)
|     |  +- org.apache.tomcat.embed:tomcat-embed-el:jar:9.0.71:compile (version managed from 9.0.71)
|     |  \- org.apache.tomcat.embed:tomcat-embed-websocket:jar:9.0.71:compile (version managed from 9.0.71)
|     |     \- (org.apache.tomcat.embed:tomcat-embed-core:jar:9.0.71:compile - version managed from 9.0.71; omitted for duplicate)
|     +- org.springframework:spring-web:jar:5.3.25:compile (version managed from 5.3.25)
|     |  +- (org.springframework:spring-beans:jar:5.3.25:compile - version managed from 5.3.25; omitted for duplicate)
|     |  \- (org.springframework:spring-core:jar:5.3.25:compile - version managed from 5.3.25; omitted for duplicate)
|     \- (org.springframework:spring-webmvc:jar:5.3.25:compile - version managed from 5.3.25; omitted for duplicate)
+- com.vaadin:vaadin-server:jar:7.7.38:compile
|  +- javax.servlet:javax.servlet-api:jar:4.0.1:compile (version managed from 3.0.1)
|  +- com.google.appengine:appengine-api-1.0-sdk:jar:1.9.98:provided (version managed from 1.7.7)
|  |  \- javax.inject:javax.inject:jar:1:provided
|  +- javax.validation:validation-api:jar:2.0.1.Final:compile (version managed from 1.0.0.GA)
|  +- com.vaadin:vaadin-sass-compiler:jar:0.9.13:compile
|  |  +- (org.w3c.css:sac:jar:1.3:compile - omitted for duplicate)
|  |  \- com.vaadin.external.flute:flute:jar:1.3.0.gg2:compile
|  +- com.vaadin:vaadin-shared:jar:7.7.38:compile
|  +- com.vaadin:vaadin-push:jar:7.7.38:provided
|  |  +- com.vaadin.external.atmosphere:atmosphere-runtime:jar:2.2.13.vaadin4:compile (scope not updated to compile)
|  |  |  +- com.sun.grizzly:grizzly-comet:jar:1.9.57:provided
|  |  |  |  \- com.sun.grizzly:grizzly-http:jar:1.9.57:provided
|  |  |  |     +- com.sun.grizzly:grizzly-framework:jar:1.9.57:provided
|  |  |  |     |  \- (com.sun.grizzly:grizzly-utils:jar:1.9.57:provided - omitted for duplicate)
|  |  |  |     +- com.sun.grizzly:grizzly-rcm:jar:1.9.57:provided
|  |  |  |     |  +- (com.sun.grizzly:grizzly-framework:jar:1.9.57:provided - omitted for duplicate)
|  |  |  |     |  \- (com.sun.grizzly:grizzly-utils:jar:1.9.57:provided - omitted for duplicate)
|  |  |  |     +- com.sun.grizzly:grizzly-portunif:jar:1.9.57:provided
|  |  |  |     |  \- (com.sun.grizzly:grizzly-framework:jar:1.9.57:provided - omitted for duplicate)
|  |  |  |     \- com.sun.grizzly:grizzly-utils:jar:1.9.57:provided
|  |  |  |        \- com.sun.grizzly:grizzly-lzma:jar:1.9.57:provided
|  |  |  +- com.sun.grizzly:grizzly-compat:jar:1.9.57:provided
|  |  |  |  \- (com.sun.grizzly:grizzly-comet:jar:1.9.57:provided - omitted for duplicate)
|  |  |  +- org.atmosphere.jboss.as:jboss-as-websockets:jar:0.5:provided
|  |  |  |  +- org.jboss.as:jboss-as-server:jar:7.1.1.Final:provided
|  |  |  |  |  +- org.jboss.as:jboss-as-controller:jar:7.1.1.Final:provided
|  |  |  |  |  |  +- (org.jboss:jboss-dmr:jar:1.1.1.Final:provided - omitted for duplicate)
|  |  |  |  |  |  +- org.jboss.as:jboss-as-controller-client:jar:7.1.1.Final:provided
|  |  |  |  |  |  |  +- (org.jboss.as:jboss-as-protocol:jar:7.1.1.Final:provided - omitted for duplicate)
|  |  |  |  |  |  |  +- (org.jboss:jboss-dmr:jar:1.1.1.Final:provided - omitted for duplicate)
|  |  |  |  |  |  |  +- (org.jboss.logging:jboss-logging:jar:3.4.3.Final:provided - version managed from 3.1.0.GA; omitted for duplicate)
|  |  |  |  |  |  |  +- (org.jboss.threads:jboss-threads:jar:2.0.0.GA:provided - omitted for duplicate)
|  |  |  |  |  |  |  \- (org.jboss.as:jboss-as-build-config:jar:7.1.1.Final:provided - omitted for duplicate)
|  |  |  |  |  |  +- (org.jboss.modules:jboss-modules:jar:1.1.1.GA:provided - omitted for duplicate)
|  |  |  |  |  |  +- (org.jboss.msc:jboss-msc:jar:1.0.2.GA:provided - omitted for duplicate)
|  |  |  |  |  |  +- org.jboss:staxmapper:jar:1.1.0.Final:provided
|  |  |  |  |  |  +- (org.jboss.logging:jboss-logging:jar:3.4.3.Final:provided - version managed from 3.1.0.GA; omitted for duplicate)
|  |  |  |  |  |  \- (org.jboss.as:jboss-as-build-config:jar:7.1.1.Final:provided - omitted for duplicate)
|  |  |  |  |  +- org.jboss.as:jboss-as-domain-http-interface:jar:7.1.1.Final:provided
|  |  |  |  |  |  +- (org.jboss.as:jboss-as-controller:jar:7.1.1.Final:provided - omitted for duplicate)
|  |  |  |  |  |  +- (org.jboss.as:jboss-as-controller-client:jar:7.1.1.Final:provided - omitted for duplicate)
|  |  |  |  |  |  +- org.jboss.as:jboss-as-domain-management:jar:7.1.1.Final:provided
|  |  |  |  |  |  |  +- org.jboss:jboss-common-core:jar:2.2.17.GA:provided
|  |  |  |  |  |  |  +- (org.jboss.logging:jboss-logging:jar:3.4.3.Final:provided - version managed from 3.1.0.GA; omitted for duplicate)
|  |  |  |  |  |  |  +- (org.jboss.msc:jboss-msc:jar:1.0.2.GA:provided - omitted for duplicate)
|  |  |  |  |  |  |  +- (org.jboss.as:jboss-as-controller:jar:7.1.1.Final:provided - omitted for duplicate)
|  |  |  |  |  |  |  +- (org.jboss:jboss-dmr:jar:1.1.1.Final:provided - omitted for duplicate)
|  |  |  |  |  |  |  \- (org.jboss.as:jboss-as-build-config:jar:7.1.1.Final:provided - omitted for duplicate)
|  |  |  |  |  |  +- org.jboss.com.sun.httpserver:httpserver:jar:1.0.0.Final:provided
|  |  |  |  |  |  +- (org.jboss.logging:jboss-logging:jar:3.4.3.Final:provided - version managed from 3.1.0.GA; omitted for duplicate)
|  |  |  |  |  |  +- (org.jboss.sasl:jboss-sasl:jar:1.0.0.Final:provided - omitted for duplicate)
|  |  |  |  |  |  \- (org.jboss.as:jboss-as-build-config:jar:7.1.1.Final:provided - omitted for duplicate)
|  |  |  |  |  +- org.jboss.as:jboss-as-deployment-repository:jar:7.1.1.Final:provided
|  |  |  |  |  |  +- (org.jboss.logging:jboss-logging:jar:3.4.3.Final:provided - version managed from 3.1.0.GA; omitted for duplicate)
|  |  |  |  |  |  +- (org.jboss.modules:jboss-modules:jar:1.1.1.GA:provided - omitted for duplicate)
|  |  |  |  |  |  +- (org.jboss.msc:jboss-msc:jar:1.0.2.GA:provided - omitted for duplicate)
|  |  |  |  |  |  +- (org.jboss.threads:jboss-threads:jar:2.0.0.GA:provided - omitted for duplicate)
|  |  |  |  |  |  +- (org.jboss:jboss-vfs:jar:3.1.0.Final:provided - omitted for duplicate)
|  |  |  |  |  |  +- org.jboss.as:jboss-as-protocol:jar:7.1.1.Final:provided
|  |  |  |  |  |  |  +- (org.jboss.logging:jboss-logging:jar:3.4.3.Final:provided - version managed from 3.1.0.GA; omitted for duplicate)
|  |  |  |  |  |  |  +- (org.jboss.marshalling:jboss-marshalling:jar:1.3.11.GA:provided - omitted for duplicate)
|  |  |  |  |  |  |  +- (org.jboss.remoting3:jboss-remoting:jar:3.2.3.GA:provided - omitted for duplicate)
|  |  |  |  |  |  |  +- (org.jboss.sasl:jboss-sasl:jar:1.0.0.Final:provided - omitted for duplicate)
|  |  |  |  |  |  |  +- (org.jboss.threads:jboss-threads:jar:2.0.0.GA:provided - omitted for duplicate)
|  |  |  |  |  |  |  +- (org.jboss.xnio:xnio-api:jar:3.0.3.GA:provided - omitted for duplicate)
|  |  |  |  |  |  |  +- org.jboss.xnio:xnio-nio:jar:3.0.3.GA:provided
|  |  |  |  |  |  |  |  +- (org.jboss.logging:jboss-logging:jar:3.4.3.Final:provided - version managed from 3.1.0.Beta3; omitted for duplicate)
|  |  |  |  |  |  |  |  \- (org.jboss.xnio:xnio-api:jar:3.0.3.GA:provided - omitted for duplicate)
|  |  |  |  |  |  |  \- (org.jboss.as:jboss-as-build-config:jar:7.1.1.Final:provided - omitted for duplicate)
|  |  |  |  |  |  \- (org.jboss.as:jboss-as-build-config:jar:7.1.1.Final:provided - omitted for duplicate)
|  |  |  |  |  +- org.jboss.as:jboss-as-embedded:jar:7.1.1.Final:provided
|  |  |  |  |  |  +- (org.jboss.as:jboss-as-controller-client:jar:7.1.1.Final:provided - omitted for duplicate)
|  |  |  |  |  |  +- (org.jboss:jandex:jar:1.0.3.Final:provided - omitted for duplicate)
|  |  |  |  |  |  +- (org.jboss.modules:jboss-modules:jar:1.1.1.GA:provided - omitted for duplicate)
|  |  |  |  |  |  \- (org.jboss.as:jboss-as-build-config:jar:7.1.1.Final:provided - omitted for duplicate)
|  |  |  |  |  +- org.jboss.as:jboss-as-platform-mbean:jar:7.1.1.Final:provided
|  |  |  |  |  |  +- (org.jboss.msc:jboss-msc:jar:1.0.2.GA:provided - omitted for duplicate)
|  |  |  |  |  |  +- (org.jboss.as:jboss-as-controller:jar:7.1.1.Final:provided - omitted for duplicate)
|  |  |  |  |  |  +- (org.jboss.as:jboss-as-controller-client:jar:7.1.1.Final:provided - omitted for duplicate)
|  |  |  |  |  |  +- (org.jboss.logging:jboss-logging:jar:3.4.3.Final:provided - version managed from 3.1.0.GA; omitted for duplicate)
|  |  |  |  |  |  \- (org.jboss.as:jboss-as-build-config:jar:7.1.1.Final:provided - omitted for duplicate)
|  |  |  |  |  +- org.jboss.as:jboss-as-process-controller:jar:7.1.1.Final:provided
|  |  |  |  |  |  +- (org.jboss.logging:jboss-logging:jar:3.4.3.Final:provided - version managed from 3.1.0.GA; omitted for duplicate)
|  |  |  |  |  |  +- (org.jboss.logmanager:jboss-logmanager:jar:1.2.2.GA:provided - omitted for conflict with 2.1.18.Final)
|  |  |  |  |  |  +- (org.jboss.modules:jboss-modules:jar:1.1.1.GA:provided - omitted for duplicate)
|  |  |  |  |  |  +- (org.jboss.marshalling:jboss-marshalling:jar:1.3.11.GA:provided - omitted for duplicate)
|  |  |  |  |  |  +- (org.jboss.threads:jboss-threads:jar:2.0.0.GA:provided - omitted for duplicate)
|  |  |  |  |  |  \- (org.jboss.as:jboss-as-build-config:jar:7.1.1.Final:provided - omitted for duplicate)
|  |  |  |  |  +- org.jboss.as:jboss-as-remoting:jar:7.1.1.Final:provided
|  |  |  |  |  |  +- (org.jboss.as:jboss-as-domain-management:jar:7.1.1.Final:provided - omitted for duplicate)
|  |  |  |  |  |  +- org.jboss.as:jboss-as-network:jar:7.1.1.Final:provided
|  |  |  |  |  |  |  +- (org.jboss.logging:jboss-logging:jar:3.4.3.Final:provided - version managed from 3.1.0.GA; omitted for duplicate)
|  |  |  |  |  |  |  +- (org.jboss.msc:jboss-msc:jar:1.0.2.GA:provided - omitted for duplicate)
|  |  |  |  |  |  |  \- (org.jboss.as:jboss-as-build-config:jar:7.1.1.Final:provided - omitted for duplicate)
|  |  |  |  |  |  +- org.jboss.as:jboss-as-threads:jar:7.1.1.Final:provided
|  |  |  |  |  |  |  +- (org.jboss.as:jboss-as-controller:jar:7.1.1.Final:provided - omitted for duplicate)
|  |  |  |  |  |  |  +- (org.jboss.threads:jboss-threads:jar:2.0.0.GA:provided - omitted for duplicate)
|  |  |  |  |  |  |  +- (org.jboss.logging:jboss-logging:jar:3.4.3.Final:provided - version managed from 3.1.0.GA; omitted for duplicate)
|  |  |  |  |  |  |  \- (org.jboss.as:jboss-as-build-config:jar:7.1.1.Final:provided - omitted for duplicate)
|  |  |  |  |  |  +- (org.jboss.logging:jboss-logging:jar:3.4.3.Final:provided - version managed from 3.1.0.GA; omitted for duplicate)
|  |  |  |  |  |  +- (org.jboss.marshalling:jboss-marshalling:jar:1.3.11.GA:provided - omitted for duplicate)
|  |  |  |  |  |  +- (org.jboss.msc:jboss-msc:jar:1.0.2.GA:provided - omitted for duplicate)
|  |  |  |  |  |  +- (org.jboss.remoting3:jboss-remoting:jar:3.2.3.GA:provided - omitted for duplicate)
|  |  |  |  |  |  +- (org.jboss.sasl:jboss-sasl:jar:1.0.0.Final:provided - omitted for duplicate)
|  |  |  |  |  |  +- org.jboss.xnio:xnio-api:jar:3.0.3.GA:provided
|  |  |  |  |  |  |  \- (org.jboss.logging:jboss-logging:jar:3.4.3.Final:provided - version managed from 3.1.0.Beta3; omitted for duplicate)
|  |  |  |  |  |  \- (org.jboss.as:jboss-as-build-config:jar:7.1.1.Final:provided - omitted for duplicate)
|  |  |  |  |  +- org.jboss:jandex:jar:1.0.3.Final:provided
|  |  |  |  |  +- org.jboss:jboss-dmr:jar:1.1.1.Final:provided
|  |  |  |  |  |  \- com.google.code.cookcc:cookcc:jar:0.3.3:provided
|  |  |  |  |  +- org.jboss.invocation:jboss-invocation:jar:1.1.1.Final:provided
|  |  |  |  |  |  +- (org.jboss.spec.javax.interceptor:jboss-interceptors-api_1.1_spec:jar:1.0.0.Final:provided - omitted for conflict with 1.0.0.Beta1)
|  |  |  |  |  |  +- (org.jboss.marshalling:jboss-marshalling:jar:1.3.0.GA:provided - omitted for conflict with 1.3.11.GA)
|  |  |  |  |  |  +- (org.jboss.logging:jboss-logging:jar:3.4.3.Final:provided - version managed from 3.0.0.GA; omitted for duplicate)
|  |  |  |  |  |  +- org.jboss.logging:jboss-logging-tools:jar:1.0.0.Beta3:provided
|  |  |  |  |  |  \- org.jboss.classfilewriter:jboss-classfilewriter:jar:1.0.0.Alpha7:provided
|  |  |  |  |  +- (org.jboss.logging:jboss-logging:jar:3.4.3.Final:provided - version managed from 3.1.0.GA; omitted for duplicate)
|  |  |  |  |  +- (org.jboss.logmanager:jboss-logmanager:jar:1.2.2.GA:provided - omitted for conflict with 2.1.18.Final)
|  |  |  |  |  +- org.jboss.logmanager:jboss-logmanager-log4j:jar:1.0.0.GA:provided
|  |  |  |  |  |  +- (org.jboss.logmanager:jboss-logmanager:jar:1.2.0.GA:provided - omitted for conflict with 2.1.18.Final)
|  |  |  |  |  |  \- (log4j:log4j:jar:1.2.16:provided - omitted for conflict with 1.2.17)
|  |  |  |  |  +- org.jboss.marshalling:jboss-marshalling:jar:1.3.11.GA:provided
|  |  |  |  |  |  \- (org.jboss.modules:jboss-modules:jar:1.1.0.Beta1:provided - omitted for conflict with 1.1.1.GA)
|  |  |  |  |  +- org.jboss.modules:jboss-modules:jar:1.1.1.GA:provided
|  |  |  |  |  +- org.jboss.msc:jboss-msc:jar:1.0.2.GA:provided
|  |  |  |  |  |  +- (org.jboss.logging:jboss-logging-processor:jar:1.0.0.Beta5:provided - omitted for conflict with 2.2.1.Final)
|  |  |  |  |  |  +- (org.jboss.modules:jboss-modules:jar:1.0.0.GA:provided - omitted for conflict with 1.1.1.GA)
|  |  |  |  |  |  +- (org.jboss:jboss-vfs:jar:3.0.1.GA:provided - omitted for conflict with 3.1.0.Final)
|  |  |  |  |  |  +- (org.jboss.logging:jboss-logging:jar:3.4.3.Final:provided - version managed from 3.0.0.GA; omitted for duplicate)
|  |  |  |  |  |  +- (org.jboss.threads:jboss-threads:jar:2.0.0.GA:provided - omitted for duplicate)
|  |  |  |  |  |  \- (javax.inject:javax.inject:jar:1.0-PFD-1:provided - omitted for conflict with 1)
|  |  |  |  |  +- org.jboss.remoting3:jboss-remoting:jar:3.2.3.GA:provided
|  |  |  |  |  |  +- (org.jboss.logging:jboss-logging:jar:3.4.3.Final:provided - version managed from 3.1.0.GA; omitted for duplicate)
|  |  |  |  |  |  +- (org.jboss.logging:jboss-logging-processor:jar:1.0.0.Final:provided - omitted for conflict with 2.2.1.Final)
|  |  |  |  |  |  \- (org.jboss.xnio:xnio-api:jar:3.0.0.GA:provided - omitted for conflict with 3.0.3.GA)
|  |  |  |  |  +- org.jboss.sasl:jboss-sasl:jar:1.0.0.Final:provided
|  |  |  |  |  |  +- (org.jboss.logging:jboss-logging:jar:3.4.3.Final:provided - version managed from 3.1.0.GA; omitted for duplicate)
|  |  |  |  |  |  \- (org.jboss.logging:jboss-logging-processor:jar:1.0.0.Final:provided - omitted for conflict with 2.2.1.Final)
|  |  |  |  |  +- org.jboss.stdio:jboss-stdio:jar:1.0.1.GA:provided
|  |  |  |  |  +- org.jboss.threads:jboss-threads:jar:2.0.0.GA:provided
|  |  |  |  |  |  \- (org.jboss.logging:jboss-logging:jar:3.4.3.Final:provided - version managed from 3.0.0.GA; omitted for duplicate)
|  |  |  |  |  +- (org.jboss:jboss-vfs:jar:3.1.0.Final:provided - omitted for duplicate)
|  |  |  |  |  \- org.jboss.as:jboss-as-build-config:jar:7.1.1.Final:provided
|  |  |  |  +- org.jboss.web:jbossweb:jar:7.0.16.Final:provided
|  |  |  |  +- org.jboss.spec.javax.servlet:jboss-servlet-api_3.0_spec:jar:1.0.0.Final:provided
|  |  |  |  \- (org.slf4j:slf4j-api:jar:1.7.36:provided - version managed from 1.6.1; omitted for duplicate)
|  |  |  +- org.jboss:jboss-vfs:jar:3.1.0.Final:provided
|  |  |  |  \- (org.jboss.logging:jboss-logging:jar:3.4.3.Final:provided - version managed from 3.0.0.CR1; omitted for duplicate)
|  |  |  +- com.vaadin.external.atmosphere:atmosphere-compat-jbossweb:jar:2.0.1-vaadin1:provided
|  |  |  |  +- jboss.web:jbossweb:jar:2.1.1.GA:provided
|  |  |  |  +- (com.vaadin.external.atmosphere:atmosphere-compat-tomcat:jar:2.0.1-vaadin1:provided - omitted for duplicate)
|  |  |  |  \- (javax.servlet:servlet-api:jar:2.5:provided - omitted for conflict with 2.4)
|  |  |  +- com.vaadin.external.atmosphere:atmosphere-compat-tomcat:jar:2.0.1-vaadin1:provided
|  |  |  |  \- (javax.servlet:servlet-api:jar:2.5:provided - omitted for conflict with 2.4)
|  |  |  +- com.vaadin.external.atmosphere:atmosphere-compat-tomcat7:jar:2.0.1-vaadin1:provided
|  |  |  |  \- (javax.servlet:servlet-api:jar:2.5:provided - omitted for conflict with 2.4)
|  |  |  +- javax.websocket:javax.websocket-api:jar:1.1:provided (version managed from 1.0)
|  |  |  +- org.apache.shiro:shiro-core:jar:1.2.2:provided
|  |  |  |  +- (org.slf4j:slf4j-api:jar:1.7.36:provided - version managed from 1.6.4; omitted for duplicate)
|  |  |  |  \- commons-beanutils:commons-beanutils:jar:1.8.3:provided
|  |  |  +- org.atmosphere:atmosphere-stubs:jar:1.0.0:provided
|  |  |  |  \- (javax.servlet:servlet-api:jar:2.5:provided - omitted for conflict with 2.4)
|  |  |  +- org.apache.shiro:shiro-web:jar:1.2.2:provided
|  |  |  |  +- (org.apache.shiro:shiro-core:jar:1.2.2:provided - omitted for duplicate)
|  |  |  |  +- javax.servlet.jsp:jsp-api:jar:2.1:provided
|  |  |  |  +- javax.servlet:jstl:jar:1.2:provided (version managed from 1.1.2)
|  |  |  |  |  \- javax.servlet:jsp-api:jar:2.0:provided
|  |  |  |  |     \- (javax.servlet:servlet-api:jar:2.4:provided - omitted for duplicate)
|  |  |  |  \- (javax.servlet:servlet-api:jar:2.5:provided - omitted for conflict with 2.4)
|  |  |  +- org.eclipse.jetty:jetty-websocket:jar:7.6.9.v20130131:provided
|  |  |  |  +- org.eclipse.jetty.orbit:javax.servlet:jar:2.5.0.v201103041518:provided
|  |  |  |  +- (org.eclipse.jetty:jetty-server:jar:9.4.50.v20221201:provided - version managed from 7.6.9.v20130131; omitted for duplicate)
|  |  |  |  +- (org.eclipse.jetty:jetty-util:jar:9.4.50.v20221201:provided - version managed from 7.6.9.v20130131; omitted for duplicate)
|  |  |  |  +- (org.eclipse.jetty:jetty-io:jar:9.4.50.v20221201:provided - version managed from 7.6.9.v20130131; omitted for duplicate)
|  |  |  |  \- (org.eclipse.jetty:jetty-http:jar:9.4.50.v20221201:provided - version managed from 7.6.9.v20130131; omitted for duplicate)
|  |  |  +- org.mortbay.jetty:jetty:jar:6.1.22:provided
|  |  |  |  \- (org.mortbay.jetty:jetty-util:jar:6.1.22:provided - omitted for duplicate)
|  |  |  +- org.mortbay.jetty:jetty-util:jar:6.1.22:provided
|  |  |  +- org.mortbay.jetty:jetty-management:jar:6.1.22:provided
|  |  |  |  \- (org.mortbay.jetty:jetty:jar:6.1.22:provided - omitted for duplicate)
|  |  |  \- com.vaadin.external.slf4j:vaadin-slf4j-jdk14:jar:1.6.1:compile
|  |  \- com.vaadin.external.atmosphere.client:javascript:war:2.2.13.vaadin5:provided
|  +- com.vaadin:license-checker:jar:1.11.2:compile (version managed from 1.11.2; scope not updated to compile)
|  |  +- (com.github.oshi:oshi-core:jar:6.1.6:compile - omitted for conflict with 6.1.4)
|  |  +- org.slf4j:slf4j-api:jar:1.7.36:compile (version managed from 1.7.36)
|  |  +- com.nimbusds:nimbus-jose-jwt:jar:9.23:compile
|  |  +- org.lucee:jcip-annotations:jar:1.0.0:compile
|  |  \- com.vaadin:open:jar:8.4.0.3:compile
|  |     \- (commons-io:commons-io:jar:2.11.0:compile - omitted for conflict with 2.5)
|  +- net.java.dev.jna:jna:jar:5.12.1:compile (version managed from 5.10.0)
|  +- net.java.dev.jna:jna-platform:jar:5.11.0:compile (version managed from 5.10.0)
|  |  \- (net.java.dev.jna:jna:jar:5.12.1:compile - version managed from 5.11.0; omitted for duplicate)
|  \- com.github.oshi:oshi-core:jar:6.1.4:compile
|     +- (net.java.dev.jna:jna:jar:5.12.1:compile - version managed from 5.10.0; omitted for duplicate)
|     +- (net.java.dev.jna:jna-platform:jar:5.11.0:compile - version managed from 5.10.0; omitted for duplicate)
|     \- (org.slf4j:slf4j-api:jar:1.7.36:compile - version managed from 1.7.36; omitted for duplicate)
+- com.vaadin:mpr-v7:jar:6.1.1:compile
|  +- com.vaadin:mpr-core:jar:6.1.1:compile
|  |  +- (com.vaadin:flow-html-components:jar:23.3.4:compile - version managed from 23.3.1; omitted for duplicate)
|  |  +- (com.vaadin:flow-client:jar:23.3.4:compile - version managed from 23.3.1; omitted for duplicate)
|  |  +- (org.springframework.boot:spring-boot-starter:jar:2.7.8:provided - version managed from 2.0.2.RELEASE; omitted for duplicate)
|  |  +- (com.vaadin:vaadin-server:jar:7.7.34:provided - omitted for conflict with 7.7.38)
|  |  +- (com.vaadin:vaadin-client:jar:7.7.34:provided - omitted for conflict with 7.7.38)
|  |  +- (com.vaadin:vaadin-themes:jar:7.7.34:provided - omitted for duplicate)
|  |  +- (com.vaadin:license-checker:jar:1.11.2:compile - version managed from 1.9.0; omitted for duplicate)
|  |  +- (javax.servlet:javax.servlet-api:jar:4.0.1:provided - version managed from 3.1.0; omitted for duplicate)
|  |  \- commons-io:commons-io:jar:2.5:compile (scope not updated to compile)
|  +- (com.vaadin:vaadin-server:jar:7.7.34:provided - omitted for conflict with 7.7.38)
|  +- (com.vaadin:vaadin-client:jar:7.7.34:provided - omitted for conflict with 7.7.38)
|  +- com.vaadin:vaadin-themes:jar:7.7.34:provided
|  |  +- (com.vaadin:vaadin-server:jar:7.7.34:provided - omitted for conflict with 7.7.38)
|  |  +- (com.vaadin:vaadin-sass-compiler:jar:0.9.13:provided - omitted for duplicate)
|  |  +- net.sourceforge.cssparser:cssparser:jar:0.9.11:provided
|  |  |  \- (org.w3c.css:sac:jar:1.3:provided - omitted for duplicate)
|  |  \- com.carrotsearch:smartsprites:jar:0.2.10:provided
|  |     +- com.google.guava:guava:jar:14.0.1:provided
|  |     |  +- (com.google.code.findbugs:jsr305:jar:1.3.9:provided - omitted for duplicate)
|  |     |  \- (javax.inject:javax.inject:jar:1:provided - omitted for duplicate)
|  |     +- args4j:args4j:jar:2.0.16:provided
|  |     +- org.apache.commons:commons-math3:jar:3.0:provided
|  |     +- (commons-io:commons-io:jar:2.4:provided - omitted for conflict with 2.5)
|  |     \- (org.apache.commons:commons-lang3:jar:3.12.0:provided - version managed from 3.1; omitted for duplicate)
|  \- (javax.servlet:javax.servlet-api:jar:4.0.1:provided - version managed from 3.1.0; omitted for duplicate)
+- com.vaadin:vaadin-core:jar:23.3.6:compile (scope not updated to compile)
|  +- com.vaadin:flow-server:jar:23.3.4:compile (version managed from 23.3.4; scope not updated to compile)
|  |  +- (com.vaadin:flow-push:jar:23.3.4:compile - version managed from 23.3.4; omitted for duplicate)
|  |  +- com.vaadin.servletdetector:throw-if-servlet5:jar:1.0.2:compile
|  |  |  \- jakarta.servlet:jakarta.servlet-api:jar:4.0.4:provided (version managed from 5.0.0)
|  |  +- org.osgi:osgi.cmpn:jar:7.0.0:provided
|  |  +- org.osgi:osgi.core:jar:7.0.0:provided
|  |  +- (javax.servlet:javax.servlet-api:jar:4.0.1:provided - version managed from 3.1.0; omitted for duplicate)
|  |  +- (org.slf4j:slf4j-api:jar:1.7.36:compile - version managed from 1.7.36; omitted for duplicate)
|  |  +- javax.annotation:javax.annotation-api:jar:1.3.2:compile (version managed from 1.3.2; scope not updated to compile)
|  |  +- (com.vaadin:license-checker:jar:1.11.2:provided - version managed from 1.11.2; omitted for duplicate)
|  |  +- commons-fileupload:commons-fileupload:jar:1.4:compile
|  |  |  +- javax.servlet:servlet-api:jar:2.4:provided
|  |  |  \- portlet-api:portlet-api:jar:1.0:provided
|  |  +- (commons-io:commons-io:jar:2.11.0:compile - omitted for conflict with 2.5)
|  |  +- com.fasterxml.jackson.core:jackson-core:jar:2.13.4:compile (version managed from 2.14.1)
|  |  +- com.fasterxml.jackson.core:jackson-databind:jar:2.13.4.2:compile (version managed from 2.14.1)
|  |  |  +- com.fasterxml.jackson.core:jackson-annotations:jar:2.13.4:compile (version managed from 2.13.4)
|  |  |  \- (com.fasterxml.jackson.core:jackson-core:jar:2.13.4:compile - version managed from 2.13.4; omitted for duplicate)
|  |  +- org.jsoup:jsoup:jar:1.15.3:compile
|  |  |  \- (com.google.code.findbugs:jsr305:jar:3.0.2:provided - omitted for conflict with 1.3.9)
|  |  +- com.helger:ph-css:jar:6.5.0:compile
|  |  |  +- com.helger.commons:ph-commons:jar:10.1.6:compile
|  |  |  |  +- (com.google.code.findbugs:jsr305:jar:3.0.2:compile - omitted for conflict with 1.3.9)
|  |  |  |  \- (org.slf4j:slf4j-api:jar:1.7.36:compile - version managed from 1.7.32; omitted for duplicate)
|  |  |  \- (org.slf4j:slf4j-api:jar:1.7.36:compile - version managed from 1.7.32; omitted for duplicate)
|  |  +- net.bytebuddy:byte-buddy:jar:1.12.22:compile (version managed from 1.12.20; scope not updated to compile)
|  |  |  +- (net.java.dev.jna:jna:jar:5.12.1:provided - version managed from 5.12.1; omitted for duplicate)
|  |  |  +- (net.java.dev.jna:jna-platform:jar:5.11.0:provided - version managed from 5.12.1; omitted for duplicate)
|  |  |  +- com.google.code.findbugs:findbugs-annotations:jar:3.0.1:provided (scope not updated to provided)
|  |  |  \- (com.google.code.findbugs:jsr305:jar:3.0.2:provided - omitted for conflict with 1.3.9)
|  |  +- com.vaadin.external:gentyref:jar:1.2.0.vaadin1:compile
|  |  +- org.apache.commons:commons-compress:jar:1.22:compile
|  |  |  \- (org.osgi:org.osgi.core:jar:6.0.0:provided - omitted for duplicate)
|  |  +- org.apache.httpcomponents:httpclient:jar:4.5.14:compile (version managed from 4.5.13; scope not updated to compile)
|  |  |  \- org.apache.httpcomponents:httpcore:jar:4.4.16:compile (version managed from 4.4.16)
|  |  \- commons-codec:commons-codec:jar:1.15:compile (version managed from 1.15; scope not updated to compile)
|  +- com.vaadin:vaadin-dev-server:jar:23.3.4:compile (version managed from 23.3.4; scope not updated to compile)
|  |  +- (com.vaadin:flow-server:jar:23.3.4:compile - version managed from 23.3.4; omitted for duplicate)
|  |  +- (com.vaadin:license-checker:jar:1.11.2:compile - version managed from 1.11.2; omitted for duplicate)
|  |  +- (com.vaadin:open:jar:8.5.0:compile - omitted for conflict with 8.4.0.3)
|  |  \- (javax.servlet:javax.servlet-api:jar:4.0.1:provided - version managed from 3.1.0; omitted for duplicate)
|  +- com.vaadin:flow-lit-template:jar:23.3.4:compile (version managed from 23.3.4)
|  |  +- (com.vaadin:flow-server:jar:23.3.4:compile - version managed from 23.3.4; omitted for duplicate)
|  |  \- (org.osgi:osgi.core:jar:7.0.0:provided - omitted for duplicate)
|  +- com.vaadin:flow-polymer-template:jar:23.3.4:compile (version managed from 23.3.4)
|  |  +- (com.vaadin:flow-server:jar:23.3.4:compile - version managed from 23.3.4; omitted for duplicate)
|  |  +- (org.osgi:osgi.core:jar:7.0.0:provided - omitted for duplicate)
|  |  \- (org.osgi:osgi.cmpn:jar:7.0.0:provided - omitted for duplicate)
|  +- com.vaadin:flow-push:jar:23.3.4:compile (version managed from 23.3.4)
|  |  +- (com.vaadin.external.atmosphere:atmosphere-runtime:jar:2.7.3.slf4jvaadin4:compile - omitted for conflict with 2.2.13.vaadin4)
|  |  \- (org.osgi:osgi.core:jar:7.0.0:provided - omitted for duplicate)
|  +- com.vaadin:flow-client:jar:23.3.4:compile (version managed from 23.3.4)
|  |  +- (com.vaadin:flow-server:jar:23.3.4:provided - version managed from 23.3.4; omitted for duplicate)
|  |  +- (com.google.gwt:gwt-user:jar:2.9.0:provided - omitted for conflict with 2.8.2)
|  |  +- (com.google.gwt:gwt-dev:jar:2.9.0:provided - omitted for conflict with 2.8.2)
|  |  +- (com.google.gwt:gwt-elemental:jar:2.9.0:provided - omitted for conflict with 2.8.2)
|  |  +- (org.ow2.asm:asm:jar:7.1:provided - omitted for conflict with 5.0.3)
|  |  +- (org.osgi:osgi.core:jar:7.0.0:provided - omitted for duplicate)
|  |  \- (org.osgi:osgi.cmpn:jar:7.0.0:provided - omitted for duplicate)
|  +- com.vaadin:flow-html-components:jar:23.3.4:compile (version managed from 23.3.4; scope not updated to compile)
|  |  +- (com.vaadin:flow-server:jar:23.3.4:compile - version managed from 23.3.4; omitted for duplicate)
|  |  +- (com.vaadin:flow-data:jar:23.3.4:compile - version managed from 23.3.4; omitted for duplicate)
|  |  \- (javax.servlet:javax.servlet-api:jar:4.0.1:provided - version managed from 3.1.0; omitted for duplicate)
|  +- com.vaadin:flow-data:jar:23.3.4:compile (version managed from 23.3.4; scope not updated to compile)
|  |  +- (com.vaadin:flow-server:jar:23.3.4:compile - version managed from 23.3.4; omitted for duplicate)
|  |  +- (javax.validation:validation-api:jar:2.0.1.Final:compile - version managed from 2.0.1.Final; omitted for duplicate)
|  |  +- (javax.servlet:javax.servlet-api:jar:4.0.1:provided - version managed from 3.1.0; omitted for duplicate)
|  |  +- (org.osgi:osgi.core:jar:7.0.0:provided - omitted for duplicate)
|  |  \- (org.osgi:osgi.cmpn:jar:7.0.0:provided - omitted for duplicate)
|  +- com.vaadin:flow-dnd:jar:23.3.4:compile (version managed from 23.3.4; scope not updated to compile)
|  |  +- (com.vaadin:flow-server:jar:23.3.4:compile - version managed from 23.3.4; omitted for duplicate)
|  |  +- org.webjars.npm:vaadin__vaadin-mobile-drag-drop:jar:1.0.1:compile
|  |  |  \- (org.webjars.npm:mobile-drag-drop:jar:2.3.0-rc.1:compile - omitted for conflict with 2.3.0-rc.2)
|  |  +- org.webjars.npm:mobile-drag-drop:jar:2.3.0-rc.2:compile
|  |  +- (org.osgi:osgi.core:jar:7.0.0:provided - omitted for duplicate)
|  |  +- (org.osgi:osgi.cmpn:jar:7.0.0:provided - omitted for duplicate)
|  |  \- (javax.servlet:javax.servlet-api:jar:4.0.1:provided - version managed from 3.1.0; omitted for duplicate)
|  +- com.vaadin:vaadin-lumo-theme:jar:23.3.6:compile (version managed from 23.3.6)
|  |  +- (com.vaadin:flow-server:jar:23.3.4:provided - version managed from 23.3.4; omitted for duplicate)
|  |  \- (com.vaadin:vaadin-icons-flow:jar:23.3.6:compile - version managed from 23.3.6; omitted for duplicate)
|  +- com.vaadin:vaadin-material-theme:jar:23.3.6:compile (version managed from 23.3.6)
|  |  \- (com.vaadin:flow-server:jar:23.3.4:provided - version managed from 23.3.4; omitted for duplicate)
|  +- com.vaadin:vaadin-accordion-flow:jar:23.3.6:compile (version managed from 23.3.6)
|  |  +- (javax.servlet:javax.servlet-api:jar:4.0.1:provided - version managed from 3.1.0; omitted for duplicate)
|  |  +- (com.vaadin:flow-server:jar:23.3.4:provided - version managed from 23.3.4; omitted for duplicate)
|  |  +- (com.vaadin:flow-html-components:jar:23.3.4:provided - version managed from 23.3.4; omitted for duplicate)
|  |  \- (com.vaadin:vaadin-details-flow:jar:23.3.6:compile - version managed from 23.3.6; omitted for duplicate)
|  +- com.vaadin:vaadin-avatar-flow:jar:23.3.6:compile (version managed from 23.3.6)
|  |  +- com.vaadin:vaadin-flow-components-base:jar:23.3.6:compile
|  |  |  +- (com.vaadin:flow-data:jar:23.3.4:provided - version managed from 23.3.4; omitted for duplicate)
|  |  |  \- (javax.servlet:javax.servlet-api:jar:4.0.1:provided - version managed from 3.1.0; omitted for duplicate)
|  |  +- (javax.servlet:javax.servlet-api:jar:4.0.1:provided - version managed from 3.1.0; omitted for duplicate)
|  |  \- (com.vaadin:flow-server:jar:23.3.4:provided - version managed from 23.3.4; omitted for duplicate)
|  +- com.vaadin:vaadin-button-flow:jar:23.3.6:compile (version managed from 23.3.6)
|  |  +- (com.vaadin:vaadin-flow-components-base:jar:23.3.6:compile - omitted for duplicate)
|  |  +- (javax.servlet:javax.servlet-api:jar:4.0.1:provided - version managed from 3.1.0; omitted for duplicate)
|  |  \- (com.vaadin:flow-html-components:jar:23.3.4:provided - version managed from 23.3.4; omitted for duplicate)
|  +- com.vaadin:vaadin-checkbox-flow:jar:23.3.6:compile (version managed from 23.3.6)
|  |  +- (com.vaadin:vaadin-flow-components-base:jar:23.3.6:compile - omitted for duplicate)
|  |  +- (com.vaadin:flow-data:jar:23.3.4:provided - version managed from 23.3.4; omitted for duplicate)
|  |  +- (javax.servlet:javax.servlet-api:jar:4.0.1:provided - version managed from 3.1.0; omitted for duplicate)
|  |  +- (org.osgi:osgi.cmpn:jar:7.0.0:provided - omitted for duplicate)
|  |  +- org.osgi:org.osgi.core:jar:6.0.0:provided
|  |  +- (com.vaadin:flow-html-components:jar:23.3.4:provided - version managed from 23.3.4; omitted for duplicate)
|  |  \- (com.vaadin:vaadin-renderer-flow:jar:23.3.6:compile - version managed from 23.3.6; omitted for duplicate)
|  +- com.vaadin:vaadin-combo-box-flow:jar:23.3.6:compile (version managed from 23.3.6)
|  |  +- (com.vaadin:vaadin-flow-components-base:jar:23.3.6:compile - omitted for duplicate)
|  |  +- (com.vaadin:flow-data:jar:23.3.4:provided - version managed from 23.3.4; omitted for duplicate)
|  |  +- (javax.servlet:javax.servlet-api:jar:4.0.1:provided - version managed from 3.1.0; omitted for duplicate)
|  |  \- (com.vaadin:vaadin-renderer-flow:jar:23.3.6:compile - version managed from 23.3.6; omitted for duplicate)
|  +- com.vaadin:vaadin-confirm-dialog-flow:jar:23.3.6:compile (version managed from 23.3.6)
|  |  +- (javax.servlet:javax.servlet-api:jar:4.0.1:provided - version managed from 3.0.1; omitted for duplicate)
|  |  \- (com.vaadin:flow-server:jar:23.3.4:compile - version managed from 23.3.4; omitted for duplicate)
|  +- com.vaadin:vaadin-custom-field-flow:jar:23.3.6:compile (version managed from 23.3.6)
|  |  +- (com.vaadin:vaadin-flow-components-base:jar:23.3.6:compile - omitted for duplicate)
|  |  +- (javax.servlet:javax.servlet-api:jar:4.0.1:provided - version managed from 3.1.0; omitted for duplicate)
|  |  \- (com.vaadin:flow-server:jar:23.3.4:provided - version managed from 23.3.4; omitted for duplicate)
|  +- com.vaadin:vaadin-date-picker-flow:jar:23.3.6:compile (version managed from 23.3.6)
|  |  +- (com.vaadin:vaadin-flow-components-base:jar:23.3.6:compile - omitted for duplicate)
|  |  +- (com.vaadin:flow-server:jar:23.3.4:provided - version managed from 23.3.4; omitted for duplicate)
|  |  +- (com.vaadin:flow-data:jar:23.3.4:provided - version managed from 23.3.4; omitted for duplicate)
|  |  \- (javax.servlet:javax.servlet-api:jar:4.0.1:provided - version managed from 3.1.0; omitted for duplicate)
|  +- com.vaadin:vaadin-date-time-picker-flow:jar:23.3.6:compile (version managed from 23.3.6)
|  |  +- (com.vaadin:vaadin-date-picker-flow:jar:23.3.6:compile - version managed from 23.3.6; omitted for duplicate)
|  |  +- (com.vaadin:vaadin-time-picker-flow:jar:23.3.6:compile - version managed from 23.3.6; omitted for duplicate)
|  |  +- (com.vaadin:flow-server:jar:23.3.4:provided - version managed from 23.3.4; omitted for duplicate)
|  |  +- (com.vaadin:flow-data:jar:23.3.4:provided - version managed from 23.3.4; omitted for duplicate)
|  |  \- (javax.servlet:javax.servlet-api:jar:4.0.1:provided - version managed from 3.1.0; omitted for duplicate)
|  +- com.vaadin:vaadin-details-flow:jar:23.3.6:compile (version managed from 23.3.6)
|  |  +- (com.vaadin:vaadin-flow-components-base:jar:23.3.6:compile - omitted for duplicate)
|  |  +- (javax.servlet:javax.servlet-api:jar:4.0.1:provided - version managed from 3.1.0; omitted for duplicate)
|  |  \- (com.vaadin:flow-html-components:jar:23.3.4:provided - version managed from 23.3.4; omitted for duplicate)
|  +- com.vaadin:vaadin-time-picker-flow:jar:23.3.6:compile (version managed from 23.3.6)
|  |  +- (com.vaadin:vaadin-flow-components-base:jar:23.3.6:compile - omitted for duplicate)
|  |  +- (com.vaadin:flow-server:jar:23.3.4:provided - version managed from 23.3.4; omitted for duplicate)
|  |  +- (com.vaadin:flow-data:jar:23.3.4:provided - version managed from 23.3.4; omitted for duplicate)
|  |  +- (org.osgi:osgi.cmpn:jar:7.0.0:provided - omitted for duplicate)
|  |  +- (org.osgi:org.osgi.core:jar:6.0.0:provided - omitted for duplicate)
|  |  \- (javax.servlet:javax.servlet-api:jar:4.0.1:provided - version managed from 3.1.0; omitted for duplicate)
|  +- com.vaadin:vaadin-select-flow:jar:23.3.6:compile (version managed from 23.3.6)
|  |  +- (com.vaadin:vaadin-flow-components-base:jar:23.3.6:compile - omitted for duplicate)
|  |  +- (javax.servlet:javax.servlet-api:jar:4.0.1:provided - version managed from 3.1.0; omitted for duplicate)
|  |  +- (com.vaadin:flow-data:jar:23.3.4:provided - version managed from 23.3.4; omitted for duplicate)
|  |  \- (com.vaadin:vaadin-renderer-flow:jar:23.3.6:compile - version managed from 23.3.6; omitted for duplicate)
|  +- com.vaadin:vaadin-dialog-flow:jar:23.3.6:compile (version managed from 23.3.6)
|  |  +- (com.vaadin:flow-server:jar:23.3.4:provided - version managed from 23.3.4; omitted for duplicate)
|  |  +- (javax.servlet:javax.servlet-api:jar:4.0.1:provided - version managed from 3.1.0; omitted for duplicate)
|  |  +- (org.osgi:osgi.cmpn:jar:7.0.0:provided - omitted for duplicate)
|  |  +- (org.osgi:org.osgi.core:jar:6.0.0:provided - omitted for duplicate)
|  |  \- (com.vaadin:vaadin-renderer-flow:jar:23.3.6:compile - version managed from 23.3.6; omitted for duplicate)
|  +- com.vaadin:vaadin-form-layout-flow:jar:23.3.6:compile (version managed from 23.3.6)
|  |  +- (com.vaadin:flow-html-components:jar:23.3.4:provided - version managed from 23.3.4; omitted for duplicate)
|  |  \- (javax.servlet:javax.servlet-api:jar:4.0.1:provided - version managed from 3.1.0; omitted for duplicate)
|  +- com.vaadin:vaadin-field-highlighter-flow:jar:23.3.6:compile (version managed from 23.3.6)
|  |  \- (com.vaadin:flow-server:jar:23.3.4:provided - version managed from 23.3.4; omitted for duplicate)
|  +- com.vaadin:vaadin-grid-flow:jar:23.3.6:compile (version managed from 23.3.6)
|  |  +- (com.vaadin:flow-data:jar:23.3.4:provided - version managed from 23.3.4; omitted for duplicate)
|  |  +- (com.vaadin:flow-html-components:jar:23.3.4:provided - version managed from 23.3.4; omitted for duplicate)
|  |  +- (com.vaadin:flow-dnd:jar:23.3.4:provided - version managed from 23.3.4; omitted for duplicate)
|  |  +- (com.vaadin:vaadin-context-menu-flow:jar:23.3.6:compile - version managed from 23.3.6; omitted for duplicate)
|  |  +- org.apache.commons:commons-lang3:jar:3.12.0:compile (version managed from 3.12.0)
|  |  \- (com.vaadin:vaadin-renderer-flow:jar:23.3.6:compile - version managed from 23.3.6; omitted for duplicate)
|  +- com.vaadin:vaadin-icons-flow:jar:23.3.6:compile (version managed from 23.3.6)
|  |  +- (com.vaadin:vaadin-flow-components-base:jar:23.3.6:compile - omitted for duplicate)
|  |  +- (javax.servlet:javax.servlet-api:jar:4.0.1:provided - version managed from 3.1.0; omitted for duplicate)
|  |  \- (com.vaadin:flow-server:jar:23.3.4:provided - version managed from 23.3.4; omitted for duplicate)
|  +- com.vaadin:vaadin-iron-list-flow:jar:23.3.6:compile (version managed from 23.3.6)
|  |  +- (com.vaadin:flow-data:jar:23.3.4:provided - version managed from 23.3.4; omitted for duplicate)
|  |  \- (com.vaadin:vaadin-renderer-flow:jar:23.3.6:compile - version managed from 23.3.6; omitted for duplicate)
|  +- com.vaadin:vaadin-virtual-list-flow:jar:23.3.6:compile (version managed from 23.3.6)
|  |  +- (com.vaadin:flow-data:jar:23.3.4:provided - version managed from 23.3.4; omitted for duplicate)
|  |  \- (com.vaadin:vaadin-renderer-flow:jar:23.3.6:compile - version managed from 23.3.6; omitted for duplicate)
|  +- com.vaadin:vaadin-list-box-flow:jar:23.3.6:compile (version managed from 23.3.6)
|  |  +- (com.vaadin:vaadin-flow-components-base:jar:23.3.6:compile - omitted for duplicate)
|  |  +- (javax.servlet:javax.servlet-api:jar:4.0.1:provided - version managed from 3.1.0; omitted for duplicate)
|  |  +- (com.vaadin:flow-data:jar:23.3.4:provided - version managed from 23.3.4; omitted for duplicate)
|  |  \- (com.vaadin:vaadin-renderer-flow:jar:23.3.6:compile - version managed from 23.3.6; omitted for duplicate)
|  +- com.vaadin:vaadin-login-flow:jar:23.3.6:compile (version managed from 23.3.6)
|  |  +- (javax.servlet:javax.servlet-api:jar:4.0.1:provided - version managed from 3.1.0; omitted for duplicate)
|  |  \- (com.vaadin:flow-server:jar:23.3.4:provided - version managed from 23.3.4; omitted for duplicate)
|  +- com.vaadin:vaadin-messages-flow:jar:23.3.6:compile (version managed from 23.3.6)
|  |  +- (com.vaadin:vaadin-flow-components-base:jar:23.3.6:compile - omitted for duplicate)
|  |  +- (com.vaadin:flow-server:jar:23.3.4:provided - version managed from 23.3.4; omitted for duplicate)
|  |  \- (javax.servlet:javax.servlet-api:jar:4.0.1:provided - version managed from 3.1.0; omitted for duplicate)
|  +- com.vaadin:vaadin-ordered-layout-flow:jar:23.3.6:compile (version managed from 23.3.6)
|  |  \- (com.vaadin:flow-server:jar:23.3.4:provided - version managed from 23.3.4; omitted for duplicate)
|  +- com.vaadin:vaadin-progress-bar-flow:jar:23.3.6:compile (version managed from 23.3.6)
|  |  \- (com.vaadin:flow-server:jar:23.3.4:provided - version managed from 23.3.4; omitted for duplicate)
|  +- com.vaadin:vaadin-radio-button-flow:jar:23.3.6:compile (version managed from 23.3.6)
|  |  +- (com.vaadin:vaadin-flow-components-base:jar:23.3.6:compile - omitted for duplicate)
|  |  +- (javax.servlet:javax.servlet-api:jar:4.0.1:provided - version managed from 3.1.0; omitted for duplicate)
|  |  +- (com.vaadin:flow-data:jar:23.3.4:provided - version managed from 23.3.4; omitted for duplicate)
|  |  +- (com.vaadin:flow-html-components:jar:23.3.4:provided - version managed from 23.3.4; omitted for duplicate)
|  |  \- (com.vaadin:vaadin-renderer-flow:jar:23.3.6:compile - version managed from 23.3.6; omitted for duplicate)
|  +- com.vaadin:vaadin-renderer-flow:jar:23.3.6:compile (version managed from 23.3.6)
|  |  \- (com.vaadin:flow-data:jar:23.3.4:provided - version managed from 23.3.4; omitted for duplicate)
|  +- com.vaadin:vaadin-split-layout-flow:jar:23.3.6:compile (version managed from 23.3.6)
|  |  \- (com.vaadin:flow-html-components:jar:23.3.4:provided - version managed from 23.3.4; omitted for duplicate)
|  +- com.vaadin:vaadin-tabs-flow:jar:23.3.6:compile (version managed from 23.3.6)
|  |  +- (com.vaadin:vaadin-flow-components-base:jar:23.3.6:compile - omitted for duplicate)
|  |  +- (javax.servlet:javax.servlet-api:jar:4.0.1:provided - version managed from 3.1.0; omitted for duplicate)
|  |  \- (com.vaadin:flow-server:jar:23.3.4:provided - version managed from 23.3.4; omitted for duplicate)
|  +- com.vaadin:vaadin-text-field-flow:jar:23.3.6:compile (version managed from 23.3.6)
|  |  +- (com.vaadin:vaadin-flow-components-base:jar:23.3.6:compile - omitted for duplicate)
|  |  +- (com.vaadin:flow-data:jar:23.3.4:provided - version managed from 23.3.4; omitted for duplicate)
|  |  \- (javax.servlet:javax.servlet-api:jar:4.0.1:provided - version managed from 3.1.0; omitted for duplicate)
|  +- com.vaadin:vaadin-upload-flow:jar:23.3.6:compile (version managed from 23.3.6)
|  |  +- (javax.servlet:javax.servlet-api:jar:4.0.1:provided - version managed from 3.1.0; omitted for duplicate)
|  |  \- (com.vaadin:flow-server:jar:23.3.4:provided - version managed from 23.3.4; omitted for duplicate)
|  +- com.vaadin:vaadin-notification-flow:jar:23.3.6:compile (version managed from 23.3.6)
|  |  +- (javax.servlet:javax.servlet-api:jar:4.0.1:provided - version managed from 3.1.0; omitted for duplicate)
|  |  +- (com.vaadin:flow-server:jar:23.3.4:provided - version managed from 23.3.4; omitted for duplicate)
|  |  \- (com.vaadin:vaadin-renderer-flow:jar:23.3.6:compile - version managed from 23.3.6; omitted for duplicate)
|  +- com.vaadin:vaadin-app-layout-flow:jar:23.3.6:compile (version managed from 23.3.6)
|  |  +- (javax.servlet:javax.servlet-api:jar:4.0.1:provided - version managed from 3.0.1; omitted for duplicate)
|  |  +- (com.vaadin:flow-server:jar:23.3.4:provided - version managed from 23.3.4; omitted for duplicate)
|  |  \- (com.vaadin:vaadin-button-flow:jar:23.3.6:compile - version managed from 23.3.6; omitted for duplicate)
|  +- com.vaadin:vaadin-context-menu-flow:jar:23.3.6:compile (version managed from 23.3.6)
|  |  +- (com.vaadin:flow-server:jar:23.3.4:provided - version managed from 23.3.4; omitted for duplicate)
|  |  \- (com.vaadin:vaadin-renderer-flow:jar:23.3.6:compile - version managed from 23.3.6; omitted for duplicate)
|  \- com.vaadin:vaadin-menu-bar-flow:jar:23.3.6:compile (version managed from 23.3.6)
|     +- (com.vaadin:vaadin-context-menu-flow:jar:23.3.6:compile - version managed from 23.3.6; omitted for duplicate)
|     \- (com.vaadin:flow-server:jar:23.3.4:provided - version managed from 23.3.4; omitted for duplicate)
+- org.springframework.boot:spring-boot-starter-test:jar:2.7.8:test
|  +- org.springframework.boot:spring-boot-starter:jar:2.7.8:compile (version managed from 2.7.8; scope not updated to compile)
|  |  +- org.springframework.boot:spring-boot:jar:2.7.8:compile (version managed from 2.7.8; scope not updated to compile)
|  |  |  +- (org.springframework:spring-core:jar:5.3.25:compile - version managed from 5.3.25; omitted for duplicate)
|  |  |  \- (org.springframework:spring-context:jar:5.3.25:compile - version managed from 5.3.25; omitted for duplicate)
|  |  +- org.springframework.boot:spring-boot-autoconfigure:jar:2.7.8:compile (version managed from 2.7.8; scope not updated to compile)
|  |  |  \- (org.springframework.boot:spring-boot:jar:2.7.8:compile - version managed from 2.7.8; omitted for duplicate)
|  |  +- org.springframework.boot:spring-boot-starter-logging:jar:2.7.8:compile (version managed from 2.7.8)
|  |  |  +- ch.qos.logback:logback-classic:jar:1.2.11:compile (version managed from 1.2.11)
|  |  |  |  +- ch.qos.logback:logback-core:jar:1.2.11:compile (version managed from 1.2.11)
|  |  |  |  \- (org.slf4j:slf4j-api:jar:1.7.36:compile - version managed from 1.7.32; omitted for duplicate)
|  |  |  +- org.apache.logging.log4j:log4j-to-slf4j:jar:2.17.2:compile (version managed from 2.17.2)
|  |  |  |  +- (org.slf4j:slf4j-api:jar:1.7.36:compile - version managed from 1.7.35; omitted for duplicate)
|  |  |  |  \- (org.apache.logging.log4j:log4j-api:jar:2.17.2:compile - version managed from 2.17.2; omitted for duplicate)
|  |  |  \- org.slf4j:jul-to-slf4j:jar:1.7.36:compile (version managed from 1.7.36)
|  |  |     \- (org.slf4j:slf4j-api:jar:1.7.36:compile - version managed from 1.7.36; omitted for duplicate)
|  |  +- jakarta.annotation:jakarta.annotation-api:jar:1.3.5:compile (version managed from 1.3.5)
|  |  +- (org.springframework:spring-core:jar:5.3.25:compile - version managed from 5.3.25; omitted for duplicate)
|  |  \- org.yaml:snakeyaml:jar:1.30:compile (version managed from 1.30)
|  +- org.springframework.boot:spring-boot-test:jar:2.7.8:test (version managed from 2.7.8)
|  |  \- (org.springframework.boot:spring-boot:jar:2.7.8:test - version managed from 2.7.8; omitted for duplicate)
|  +- org.springframework.boot:spring-boot-test-autoconfigure:jar:2.7.8:test (version managed from 2.7.8)
|  |  +- (org.springframework.boot:spring-boot:jar:2.7.8:test - version managed from 2.7.8; omitted for duplicate)
|  |  +- (org.springframework.boot:spring-boot-test:jar:2.7.8:test - version managed from 2.7.8; omitted for duplicate)
|  |  \- (org.springframework.boot:spring-boot-autoconfigure:jar:2.7.8:test - version managed from 2.7.8; omitted for duplicate)
|  +- com.jayway.jsonpath:json-path:jar:2.7.0:test (version managed from 2.7.0)
|  |  +- net.minidev:json-smart:jar:2.4.8:test (version managed from 2.4.7)
|  |  |  \- net.minidev:accessors-smart:jar:2.4.8:test
|  |  |     \- (org.ow2.asm:asm:jar:9.1:test - omitted for conflict with 5.0.3)
|  |  \- (org.slf4j:slf4j-api:jar:1.7.36:test - version managed from 1.7.33; omitted for duplicate)
|  +- jakarta.xml.bind:jakarta.xml.bind-api:jar:2.3.3:test (version managed from 2.3.3)
|  |  \- jakarta.activation:jakarta.activation-api:jar:1.2.2:test (version managed from 1.2.2)
|  +- org.assertj:assertj-core:jar:3.22.0:test (version managed from 3.22.0)
|  +- org.hamcrest:hamcrest:jar:2.2:test (version managed from 2.2)
|  +- org.junit.jupiter:junit-jupiter:jar:5.8.2:test (version managed from 5.8.2)
|  |  +- org.junit.jupiter:junit-jupiter-api:jar:5.8.2:test (version managed from 5.8.2)
|  |  |  +- org.opentest4j:opentest4j:jar:1.2.0:test
|  |  |  +- org.junit.platform:junit-platform-commons:jar:1.8.2:test (version managed from 1.8.2)
|  |  |  |  \- (org.apiguardian:apiguardian-api:jar:1.1.2:test - omitted for duplicate)
|  |  |  \- org.apiguardian:apiguardian-api:jar:1.1.2:test
|  |  +- org.junit.jupiter:junit-jupiter-params:jar:5.8.2:test (version managed from 5.8.2)
|  |  |  +- (org.junit.jupiter:junit-jupiter-api:jar:5.8.2:test - version managed from 5.8.2; omitted for duplicate)
|  |  |  \- (org.apiguardian:apiguardian-api:jar:1.1.2:test - omitted for duplicate)
|  |  \- org.junit.jupiter:junit-jupiter-engine:jar:5.8.2:test (version managed from 5.8.2)
|  |     +- org.junit.platform:junit-platform-engine:jar:1.8.2:test (version managed from 1.8.2)
|  |     |  +- (org.opentest4j:opentest4j:jar:1.2.0:test - omitted for duplicate)
|  |     |  +- (org.junit.platform:junit-platform-commons:jar:1.8.2:test - version managed from 1.8.2; omitted for duplicate)
|  |     |  \- (org.apiguardian:apiguardian-api:jar:1.1.2:test - omitted for duplicate)
|  |     +- (org.junit.jupiter:junit-jupiter-api:jar:5.8.2:test - version managed from 5.8.2; omitted for duplicate)
|  |     \- (org.apiguardian:apiguardian-api:jar:1.1.2:test - omitted for duplicate)
|  +- org.mockito:mockito-core:jar:4.5.1:test (version managed from 4.5.1)
|  |  +- (net.bytebuddy:byte-buddy:jar:1.12.22:test - version managed from 1.12.9; omitted for duplicate)
|  |  +- net.bytebuddy:byte-buddy-agent:jar:1.12.22:test (version managed from 1.12.9)
|  |  |  +- (net.java.dev.jna:jna:jar:5.12.1:test - version managed from 5.12.1; omitted for duplicate)
|  |  |  +- (net.java.dev.jna:jna-platform:jar:5.11.0:test - version managed from 5.12.1; omitted for duplicate)
|  |  |  +- (com.google.code.findbugs:findbugs-annotations:jar:3.0.1:test - omitted for duplicate)
|  |  |  \- (com.google.code.findbugs:jsr305:jar:3.0.2:test - omitted for conflict with 1.3.9)
|  |  \- org.objenesis:objenesis:jar:3.2:test
|  +- org.mockito:mockito-junit-jupiter:jar:4.5.1:test (version managed from 4.5.1)
|  |  +- (org.mockito:mockito-core:jar:4.5.1:test - version managed from 4.5.1; omitted for duplicate)
|  |  \- (org.junit.jupiter:junit-jupiter-api:jar:5.8.2:test - version managed from 5.8.2; omitted for duplicate)
|  +- org.skyscreamer:jsonassert:jar:1.5.1:test (version managed from 1.5.1)
|  |  \- com.vaadin.external.google:android-json:jar:0.0.20131108.vaadin1:test
|  +- org.springframework:spring-core:jar:5.3.25:compile (version managed from 5.3.25; scope not updated to compile)
|  |  \- org.springframework:spring-jcl:jar:5.3.25:compile (version managed from 5.3.25)
|  +- org.springframework:spring-test:jar:5.3.25:test (version managed from 5.3.25)
|  |  \- (org.springframework:spring-core:jar:5.3.25:test - version managed from 5.3.25; omitted for duplicate)
|  \- org.xmlunit:xmlunit-core:jar:2.9.1:test (version managed from 2.9.1)
|     \- (jakarta.xml.bind:jakarta.xml.bind-api:jar:2.3.3:test - version managed from 2.3.3; omitted for duplicate)
+- com.vaadin:vaadin-client:jar:7.7.38:provided (scope not updated to provided)
|  +- (com.vaadin:vaadin-shared:jar:7.7.38:provided - omitted for duplicate)
|  \- (com.vaadin:vaadin-server:jar:7.7.38:provided - omitted for duplicate)
+- com.google.gwt:gwt-elemental:jar:2.8.2:provided (scope not updated to provided)
|  \- (com.google.gwt:gwt-user:jar:2.8.2:provided - omitted for duplicate)
+- com.vaadin:vaadin-client-compiler:jar:7.7.38:provided
|  +- (com.vaadin:vaadin-client:jar:7.7.38:provided - omitted for duplicate)
|  \- (com.vaadin:vaadin-sass-compiler:jar:0.9.13:provided - omitted for duplicate)
+- com.google.gwt:gwt-dev:jar:2.8.2:provided (scope not updated to provided)
|  +- com.google.code.findbugs:jsr305:jar:1.3.9:compile
|  +- com.google.code.gson:gson:jar:2.9.1:provided (version managed from 2.6.2)
|  +- org.ow2.asm:asm:jar:5.0.3:provided (scope not updated to provided)
|  +- org.ow2.asm:asm-util:jar:5.0.3:provided
|  |  \- org.ow2.asm:asm-tree:jar:5.0.3:provided
|  |     \- (org.ow2.asm:asm:jar:5.0.3:provided - omitted for duplicate)
|  +- org.ow2.asm:asm-commons:jar:5.0.3:provided
|  |  \- (org.ow2.asm:asm-tree:jar:5.0.3:provided - omitted for duplicate)
|  +- colt:colt:jar:1.2.0:provided
|  +- ant:ant:jar:1.6.5:provided
|  +- commons-collections:commons-collections:jar:3.2.2:provided
|  +- com.ibm.icu:icu4j:jar:50.1.1:provided
|  +- tapestry:tapestry:jar:4.0.2:provided
|  +- net.sourceforge.htmlunit:htmlunit:jar:2.60.0:provided (version managed from 2.19)
|  |  +- xalan:xalan:jar:2.7.2:provided
|  |  |  \- xalan:serializer:jar:2.7.2:provided
|  |  +- org.apache.httpcomponents:httpmime:jar:4.5.14:provided (version managed from 4.5.13)
|  |  |  \- (org.apache.httpcomponents:httpclient:jar:4.5.14:provided - version managed from 4.5.14; omitted for duplicate)
|  |  +- net.sourceforge.htmlunit:htmlunit-core-js:jar:2.60.0:provided
|  |  +- net.sourceforge.htmlunit:neko-htmlunit:jar:2.60.0:provided
|  |  |  \- xerces:xercesImpl:jar:2.12.2:provided
|  |  |     \- xml-apis:xml-apis:jar:1.4.01:provided
|  |  +- net.sourceforge.htmlunit:htmlunit-cssparser:jar:1.11.0:provided
|  |  +- (org.apache.commons:commons-lang3:jar:3.12.0:provided - version managed from 3.12.0; omitted for duplicate)
|  |  +- org.apache.commons:commons-text:jar:1.9:provided
|  |  +- commons-net:commons-net:jar:3.8.0:provided
|  |  +- (commons-codec:commons-codec:jar:1.15:provided - version managed from 1.15; omitted for duplicate)
|  |  +- org.brotli:dec:jar:0.1.2:provided
|  |  +- com.shapesecurity:salvation2:jar:3.0.0:provided
|  |  \- org.eclipse.jetty.websocket:websocket-client:jar:9.4.50.v20221201:provided (version managed from 9.4.45.v20220203)
|  |     +- org.eclipse.jetty:jetty-client:jar:9.4.50.v20221201:provided (version managed from 9.4.50.v20221201)
|  |     |  +- (org.eclipse.jetty:jetty-http:jar:9.4.50.v20221201:provided - version managed from 9.4.50.v20221201; omitted for duplicate)
|  |     |  \- (org.eclipse.jetty:jetty-io:jar:9.4.50.v20221201:provided - version managed from 9.4.50.v20221201; omitted for duplicate)
|  |     +- (org.eclipse.jetty:jetty-util:jar:9.4.50.v20221201:provided - version managed from 9.4.50.v20221201; omitted for duplicate)
|  |     +- (org.eclipse.jetty:jetty-io:jar:9.4.50.v20221201:provided - version managed from 9.4.50.v20221201; omitted for duplicate)
|  |     \- org.eclipse.jetty.websocket:websocket-common:jar:9.4.50.v20221201:provided (version managed from 9.4.50.v20221201)
|  |        +- org.eclipse.jetty.websocket:websocket-api:jar:9.4.50.v20221201:provided (version managed from 9.4.50.v20221201)
|  |        +- (org.eclipse.jetty:jetty-util:jar:9.4.50.v20221201:provided - version managed from 9.4.50.v20221201; omitted for duplicate)
|  |        \- (org.eclipse.jetty:jetty-io:jar:9.4.50.v20221201:provided - version managed from 9.4.50.v20221201; omitted for duplicate)
|  +- org.eclipse.jetty:jetty-webapp:jar:9.4.50.v20221201:provided (version managed from 9.2.14.v20151106)
|  |  +- org.eclipse.jetty:jetty-xml:jar:9.4.50.v20221201:provided (version managed from 9.4.50.v20221201)
|  |  |  \- (org.eclipse.jetty:jetty-util:jar:9.4.50.v20221201:provided - version managed from 9.4.50.v20221201; omitted for duplicate)
|  |  \- org.eclipse.jetty:jetty-servlet:jar:9.4.50.v20221201:provided (version managed from 9.4.50.v20221201)
|  |     +- org.eclipse.jetty:jetty-security:jar:9.4.50.v20221201:provided (version managed from 9.4.50.v20221201)
|  |     |  \- (org.eclipse.jetty:jetty-server:jar:9.4.50.v20221201:provided - version managed from 9.4.50.v20221201; omitted for duplicate)
|  |     \- org.eclipse.jetty:jetty-util-ajax:jar:9.4.50.v20221201:provided (version managed from 9.4.50.v20221201)
|  |        +- (org.eclipse.jetty:jetty-util:jar:9.4.50.v20221201:provided - version managed from 9.4.50.v20221201; omitted for duplicate)
|  |        \- (javax.servlet:javax.servlet-api:jar:4.0.1:provided - version managed from 3.1.0; omitted for duplicate)
|  +- org.eclipse.jetty:jetty-servlets:jar:9.4.50.v20221201:provided (version managed from 9.2.14.v20151106)
|  |  +- org.eclipse.jetty:jetty-continuation:jar:9.4.50.v20221201:provided (version managed from 9.4.50.v20221201)
|  |  |  \- (javax.servlet:javax.servlet-api:jar:4.0.1:provided - version managed from 3.1.0; omitted for duplicate)
|  |  +- (org.eclipse.jetty:jetty-http:jar:9.4.50.v20221201:provided - version managed from 9.4.50.v20221201; omitted for duplicate)
|  |  +- (org.eclipse.jetty:jetty-webapp:jar:9.4.50.v20221201:provided - version managed from 9.4.50.v20221201; omitted for duplicate)
|  |  +- org.eclipse.jetty:jetty-util:jar:9.4.50.v20221201:compile (version managed from 9.4.50.v20221201)
|  |  |  \- (javax.servlet:javax.servlet-api:jar:4.0.1:provided - version managed from 3.1.0; omitted for duplicate)
|  |  +- (javax.servlet:javax.servlet-api:jar:4.0.1:provided - version managed from 3.1.0; omitted for duplicate)
|  |  \- (org.eclipse.jetty:jetty-io:jar:9.4.50.v20221201:provided - version managed from 9.4.50.v20221201; omitted for duplicate)
|  +- org.eclipse.jetty:jetty-annotations:jar:9.4.50.v20221201:provided (version managed from 9.2.14.v20151106)
|  |  +- org.eclipse.jetty:jetty-plus:jar:9.4.50.v20221201:provided (version managed from 9.4.50.v20221201)
|  |  |  +- javax.transaction:javax.transaction-api:jar:1.3:provided (version managed from 1.3)
|  |  |  |  \- javax.enterprise:cdi-api:jar:1.0-SP4:provided
|  |  |  |     +- org.jboss.spec.javax.interceptor:jboss-interceptors-api_1.1_spec:jar:1.0.0.Beta1:provided
|  |  |  |     +- javax.annotation:jsr250-api:jar:1.0:provided
|  |  |  |     \- (javax.inject:javax.inject:jar:1:provided - omitted for duplicate)
|  |  |  +- (org.eclipse.jetty:jetty-webapp:jar:9.4.50.v20221201:provided - version managed from 9.4.50.v20221201; omitted for duplicate)
|  |  |  \- org.eclipse.jetty:jetty-jndi:jar:9.4.50.v20221201:provided (version managed from 9.4.50.v20221201)
|  |  |     +- (org.eclipse.jetty:jetty-util:jar:9.4.50.v20221201:provided - version managed from 9.4.50.v20221201; omitted for duplicate)
|  |  |     +- (org.eclipse.jetty:jetty-webapp:jar:9.4.50.v20221201:provided - version managed from 9.4.50.v20221201; omitted for duplicate)
|  |  |     \- org.eclipse.jetty.orbit:javax.mail.glassfish:jar:1.4.1.v201005082020:provided
|  |  +- (org.eclipse.jetty:jetty-webapp:jar:9.4.50.v20221201:provided - version managed from 9.4.50.v20221201; omitted for duplicate)
|  |  +- (javax.annotation:javax.annotation-api:jar:1.3.2:provided - version managed from 1.3.2; omitted for duplicate)
|  |  +- (org.ow2.asm:asm:jar:9.4:provided - omitted for conflict with 5.0.3)
|  |  \- (org.ow2.asm:asm-commons:jar:9.4:provided - omitted for conflict with 5.0.3)
|  \- org.eclipse.jetty:apache-jsp:jar:9.4.50.v20221201:provided (version managed from 9.2.14.v20151106)
|     +- (org.eclipse.jetty:jetty-util:jar:9.4.50.v20221201:provided - version managed from 9.4.50.v20221201; omitted for duplicate)
|     +- org.eclipse.jetty.toolchain:jetty-schemas:jar:3.1.2:provided
|     +- (javax.servlet:javax.servlet-api:jar:4.0.1:provided - version managed from 3.1.0; omitted for duplicate)
|     +- org.mortbay.jasper:apache-jsp:jar:8.5.70:provided
|     |  +- (org.eclipse.jetty.toolchain:jetty-schemas:jar:3.1.2:provided - omitted for duplicate)
|     |  +- org.mortbay.jasper:apache-el:jar:9.0.52:provided (version managed from 8.5.70)
|     |  \- org.eclipse.jdt:ecj:jar:3.19.0:provided
|     \- (org.eclipse.jetty:jetty-annotations:jar:9.4.50.v20221201:provided - version managed from 9.4.50.v20221201; omitted for duplicate)
+- com.google.gwt:gwt-user:jar:2.8.2:provided (scope not updated to provided)
|  +- com.google.jsinterop:jsinterop-annotations:jar:1.0.2:provided
|  +- com.google.jsinterop:jsinterop-annotations:jar:sources:1.0.2:provided
|  +- (javax.validation:validation-api:jar:2.0.1.Final:provided - version managed from 1.0.0.GA; omitted for duplicate)
|  +- javax.validation:validation-api:jar:sources:1.0.0.GA:provided
|  +- (javax.servlet:javax.servlet-api:jar:4.0.1:provided - version managed from 3.1.0; omitted for duplicate)
|  \- org.w3c.css:sac:jar:1.3:compile
\- org.eclipse.jetty:jetty-server:jar:9.4.50.v20221201:compile
   +- (javax.servlet:javax.servlet-api:jar:4.0.1:compile - version managed from 3.1.0; omitted for duplicate)
   +- org.eclipse.jetty:jetty-http:jar:9.4.50.v20221201:compile (version managed from 9.4.50.v20221201)
   |  +- (org.eclipse.jetty:jetty-util:jar:9.4.50.v20221201:compile - version managed from 9.4.50.v20221201; omitted for duplicate)
   |  +- (org.eclipse.jetty:jetty-io:jar:9.4.50.v20221201:compile - version managed from 9.4.50.v20221201; omitted for duplicate)
   |  \- (javax.servlet:javax.servlet-api:jar:4.0.1:provided - version managed from 3.1.0; omitted for duplicate)
   \- org.eclipse.jetty:jetty-io:jar:9.4.50.v20221201:compile (version managed from 9.4.50.v20221201)
      \- (org.eclipse.jetty:jetty-util:jar:9.4.50.v20221201:compile - version managed from 9.4.50.v20221201; omitted for duplicate)
